17:33:08 **** Build of configuration Debug for project SDLlearn ****
make all 
Building file: ../sale.cpp
Invoking: GCC C++ Compiler
g++ -O0 -g3 -Wall -c -fmessage-length=0 -MMD -MP -MF"sale.d" -MT"sale.d" -o "sale.o" "../sale.cpp"
Finished building: ../sale.cpp
 
Building target: SDLlearn
Invoking: GCC C++ Linker
g++  -o "SDLlearn"  ./sale.o   
/usr/bin/ld: /usr/lib/debug/usr/lib/x86_64-linux-gnu/crt1.o(.debug_info): la reubicación 0 tiene un índice de símbolo 11 inválido
/usr/bin/ld: /usr/lib/debug/usr/lib/x86_64-linux-gnu/crt1.o(.debug_info): la reubicación 1 tiene un índice de símbolo 12 inválido
/usr/bin/ld: /usr/lib/debug/usr/lib/x86_64-linux-gnu/crt1.o(.debug_info): la reubicación 2 tiene un índice de símbolo 2 inválido
/usr/bin/ld: /usr/lib/debug/usr/lib/x86_64-linux-gnu/crt1.o(.debug_info): la reubicación 3 tiene un índice de símbolo 2 inválido
/usr/bin/ld: /usr/lib/debug/usr/lib/x86_64-linux-gnu/crt1.o(.debug_info): la reubicación 4 tiene un índice de símbolo 11 inválido
/usr/bin/ld: /usr/lib/debug/usr/lib/x86_64-linux-gnu/crt1.o(.debug_info): la reubicación 5 tiene un índice de símbolo 13 inválido
/usr/bin/ld: /usr/lib/debug/usr/lib/x86_64-linux-gnu/crt1.o(.debug_info): la reubicación 6 tiene un índice de símbolo 13 inválido
/usr/bin/ld: /usr/lib/debug/usr/lib/x86_64-linux-gnu/crt1.o(.debug_info): la reubicación 7 tiene un índice de símbolo 13 inválido
/usr/bin/ld: /usr/lib/debug/usr/lib/x86_64-linux-gnu/crt1.o(.debug_info): la reubicación 8 tiene un índice de símbolo 12 inválido
/usr/bin/ld: /usr/lib/debug/usr/lib/x86_64-linux-gnu/crt1.o(.debug_info): la reubicación 9 tiene un índice de símbolo 13 inválido
/usr/bin/ld: /usr/lib/debug/usr/lib/x86_64-linux-gnu/crt1.o(.debug_info): la reubicación 10 tiene un índice de símbolo 13 inválido
/usr/bin/ld: /usr/lib/debug/usr/lib/x86_64-linux-gnu/crt1.o(.debug_info): la reubicación 11 tiene un índice de símbolo 13 inválido
/usr/bin/ld: /usr/lib/debug/usr/lib/x86_64-linux-gnu/crt1.o(.debug_info): la reubicación 12 tiene un índice de símbolo 13 inválido
/usr/bin/ld: /usr/lib/debug/usr/lib/x86_64-linux-gnu/crt1.o(.debug_info): la reubicación 13 tiene un índice de símbolo 13 inválido
/usr/bin/ld: /usr/lib/debug/usr/lib/x86_64-linux-gnu/crt1.o(.debug_info): la reubicación 14 tiene un índice de símbolo 13 inválido
/usr/bin/ld: /usr/lib/debug/usr/lib/x86_64-linux-gnu/crt1.o(.debug_info): la reubicación 15 tiene un índice de símbolo 13 inválido
/usr/bin/ld: /usr/lib/debug/usr/lib/x86_64-linux-gnu/crt1.o(.debug_info): la reubicación 16 tiene un índice de símbolo 13 inválido
/usr/bin/ld: /usr/lib/debug/usr/lib/x86_64-linux-gnu/crt1.o(.debug_info): la reubicación 17 tiene un índice de símbolo 13 inválido
/usr/bin/ld: /usr/lib/debug/usr/lib/x86_64-linux-gnu/crt1.o(.debug_info): la reubicación 18 tiene un índice de símbolo 13 inválido
/usr/bin/ld: /usr/lib/debug/usr/lib/x86_64-linux-gnu/crt1.o(.debug_info): la reubicación 19 tiene un índice de símbolo 21 inválido
/usr/bin/ld: /usr/lib/debug/usr/lib/x86_64-linux-gnu/crt1.o(.debug_line): la reubicación 0 tiene un índice de símbolo 2 inválido
/usr/lib/gcc/x86_64-linux-gnu/4.8/../../../x86_64-linux-gnu/crt1.o: En la función `_start':
(.text+0x20): referencia a `main' sin definir
collect2: error: ld returned 1 exit status
make: *** [SDLlearn] Error 1

17:33:09 Build Finished (took 727ms)

